2017-08-05 21:15:20.900 [main] INFO  c.a.d.common.logger.LoggerFactory.info(42) - using logger: com.alibaba.dubbo.common.logger.slf4j.Slf4jLoggerAdapter
2017-08-05 21:15:20.952 [main] WARN  c.a.dubbo.common.utils.ConfigUtils.warn(54) -  [DUBBO] only 1 dubbo.properties file is expected, but 2 dubbo.properties files found on class path: [file:/D:/jws/ws/dubboTest/soa-parent/soa-user/soa-user-core/target/test-classes/dubbo.properties, file:/D:/jws/ws/dubboTest/soa-parent/soa-user/soa-user-core/target/classes/dubbo.properties], dubbo version: 2.5.4-SNAPSHOT, current host: 127.0.0.1
2017-08-05 21:15:21.037 [main] INFO  com.alibaba.dubbo.container.Main.info(42) -  [DUBBO] Use container type([spring]) to run dubbo serivce., dubbo version: 2.5.4-SNAPSHOT, current host: 127.0.0.1
2017-08-05 21:15:22.807 [main] ERROR com.alibaba.dubbo.container.Main.error(74) -  [DUBBO] Error creating bean with name 'com.soa.user.facade.UserFacade': Instantiation of bean failed; nested exception is java.lang.ExceptionInInitializerError, dubbo version: 2.5.4-SNAPSHOT, current host: 127.0.0.1
org.springframework.beans.factory.BeanCreationException: Error creating bean with name 'com.soa.user.facade.UserFacade': Instantiation of bean failed; nested exception is java.lang.ExceptionInInitializerError
	at org.springframework.beans.factory.support.AbstractAutowireCapableBeanFactory.instantiateBean(AbstractAutowireCapableBeanFactory.java:1105) ~[spring-beans-4.2.0.RELEASE.jar:4.2.0.RELEASE]
	at org.springframework.beans.factory.support.AbstractAutowireCapableBeanFactory.createBeanInstance(AbstractAutowireCapableBeanFactory.java:1050) ~[spring-beans-4.2.0.RELEASE.jar:4.2.0.RELEASE]
	at org.springframework.beans.factory.support.AbstractAutowireCapableBeanFactory.doCreateBean(AbstractAutowireCapableBeanFactory.java:510) ~[spring-beans-4.2.0.RELEASE.jar:4.2.0.RELEASE]
	at org.springframework.beans.factory.support.AbstractAutowireCapableBeanFactory.createBean(AbstractAutowireCapableBeanFactory.java:482) ~[spring-beans-4.2.0.RELEASE.jar:4.2.0.RELEASE]
	at org.springframework.beans.factory.support.AbstractBeanFactory$1.getObject(AbstractBeanFactory.java:305) ~[spring-beans-4.2.0.RELEASE.jar:4.2.0.RELEASE]
	at org.springframework.beans.factory.support.DefaultSingletonBeanRegistry.getSingleton(DefaultSingletonBeanRegistry.java:230) ~[spring-beans-4.2.0.RELEASE.jar:4.2.0.RELEASE]
	at org.springframework.beans.factory.support.AbstractBeanFactory.doGetBean(AbstractBeanFactory.java:301) ~[spring-beans-4.2.0.RELEASE.jar:4.2.0.RELEASE]
	at org.springframework.beans.factory.support.AbstractBeanFactory.getBean(AbstractBeanFactory.java:196) ~[spring-beans-4.2.0.RELEASE.jar:4.2.0.RELEASE]
	at org.springframework.beans.factory.support.DefaultListableBeanFactory.preInstantiateSingletons(DefaultListableBeanFactory.java:772) ~[spring-beans-4.2.0.RELEASE.jar:4.2.0.RELEASE]
	at org.springframework.context.support.AbstractApplicationContext.finishBeanFactoryInitialization(AbstractApplicationContext.java:834) ~[spring-context-4.2.0.RELEASE.jar:4.2.0.RELEASE]
	at org.springframework.context.support.AbstractApplicationContext.refresh(AbstractApplicationContext.java:537) ~[spring-context-4.2.0.RELEASE.jar:4.2.0.RELEASE]
	at org.springframework.context.support.ClassPathXmlApplicationContext.<init>(ClassPathXmlApplicationContext.java:139) ~[spring-context-4.2.0.RELEASE.jar:4.2.0.RELEASE]
	at org.springframework.context.support.ClassPathXmlApplicationContext.<init>(ClassPathXmlApplicationContext.java:93) ~[spring-context-4.2.0.RELEASE.jar:4.2.0.RELEASE]
	at com.alibaba.dubbo.container.spring.SpringContainer.start(SpringContainer.java:50) ~[dubbo-2.5.4-SNAPSHOT.jar:2.5.4-SNAPSHOT]
	at com.alibaba.dubbo.container.Main.main(Main.java:80) ~[dubbo-2.5.4-SNAPSHOT.jar:2.5.4-SNAPSHOT]
	at com.soa.user.core.UserMain.main(UserMain.java:7) [test-classes/:na]
Caused by: java.lang.ExceptionInInitializerError: null
	at sun.reflect.NativeConstructorAccessorImpl.newInstance0(Native Method) ~[na:1.7.0_55]
	at sun.reflect.NativeConstructorAccessorImpl.newInstance(NativeConstructorAccessorImpl.java:57) ~[na:1.7.0_55]
	at sun.reflect.DelegatingConstructorAccessorImpl.newInstance(DelegatingConstructorAccessorImpl.java:45) ~[na:1.7.0_55]
	at java.lang.reflect.Constructor.newInstance(Constructor.java:526) ~[na:1.7.0_55]
	at org.springframework.beans.BeanUtils.instantiateClass(BeanUtils.java:147) ~[spring-beans-4.2.0.RELEASE.jar:4.2.0.RELEASE]
	at org.springframework.beans.factory.support.SimpleInstantiationStrategy.instantiate(SimpleInstantiationStrategy.java:89) ~[spring-beans-4.2.0.RELEASE.jar:4.2.0.RELEASE]
	at org.springframework.beans.factory.support.AbstractAutowireCapableBeanFactory.instantiateBean(AbstractAutowireCapableBeanFactory.java:1098) ~[spring-beans-4.2.0.RELEASE.jar:4.2.0.RELEASE]
	... 15 common frames omitted
Caused by: java.lang.IllegalStateException: fail to create adaptive instance: java.lang.IllegalStateException: Can not create adaptive extenstion interface com.alibaba.dubbo.rpc.Protocol, cause: Failed to load extension class(interface: interface com.alibaba.dubbo.common.compiler.Compiler, class line: com.alibaba.dubbo.common.compiler.support.JavassistCompiler) in jar:file:/C:/Users/Administrator/.m2/repository/com/alibaba/dubbo/2.5.4-SNAPSHOT/dubbo-2.5.4-SNAPSHOT.jar!/META-INF/dubbo/internal/com.alibaba.dubbo.common.compiler.Compiler, cause: javassist/ClassPath
	at com.alibaba.dubbo.common.extension.ExtensionLoader.getAdaptiveExtension(ExtensionLoader.java:459) ~[dubbo-2.5.4-SNAPSHOT.jar:2.5.4-SNAPSHOT]
	at com.alibaba.dubbo.config.ServiceConfig.<clinit>(ServiceConfig.java:61) ~[dubbo-2.5.4-SNAPSHOT.jar:2.5.4-SNAPSHOT]
	... 22 common frames omitted
Caused by: java.lang.IllegalStateException: Can not create adaptive extenstion interface com.alibaba.dubbo.rpc.Protocol, cause: Failed to load extension class(interface: interface com.alibaba.dubbo.common.compiler.Compiler, class line: com.alibaba.dubbo.common.compiler.support.JavassistCompiler) in jar:file:/C:/Users/Administrator/.m2/repository/com/alibaba/dubbo/2.5.4-SNAPSHOT/dubbo-2.5.4-SNAPSHOT.jar!/META-INF/dubbo/internal/com.alibaba.dubbo.common.compiler.Compiler, cause: javassist/ClassPath
	at com.alibaba.dubbo.common.extension.ExtensionLoader.createAdaptiveExtension(ExtensionLoader.java:723) ~[dubbo-2.5.4-SNAPSHOT.jar:2.5.4-SNAPSHOT]
	at com.alibaba.dubbo.common.extension.ExtensionLoader.getAdaptiveExtension(ExtensionLoader.java:455) ~[dubbo-2.5.4-SNAPSHOT.jar:2.5.4-SNAPSHOT]
	... 23 common frames omitted
Caused by: java.lang.IllegalStateException: Failed to load extension class(interface: interface com.alibaba.dubbo.common.compiler.Compiler, class line: com.alibaba.dubbo.common.compiler.support.JavassistCompiler) in jar:file:/C:/Users/Administrator/.m2/repository/com/alibaba/dubbo/2.5.4-SNAPSHOT/dubbo-2.5.4-SNAPSHOT.jar!/META-INF/dubbo/internal/com.alibaba.dubbo.common.compiler.Compiler, cause: javassist/ClassPath
	at com.alibaba.dubbo.common.extension.ExtensionLoader.loadFile(ExtensionLoader.java:685) ~[dubbo-2.5.4-SNAPSHOT.jar:2.5.4-SNAPSHOT]
	at com.alibaba.dubbo.common.extension.ExtensionLoader.loadExtensionClasses(ExtensionLoader.java:591) ~[dubbo-2.5.4-SNAPSHOT.jar:2.5.4-SNAPSHOT]
	at com.alibaba.dubbo.common.extension.ExtensionLoader.getExtensionClasses(ExtensionLoader.java:567) ~[dubbo-2.5.4-SNAPSHOT.jar:2.5.4-SNAPSHOT]
	at com.alibaba.dubbo.common.extension.ExtensionLoader.getAdaptiveExtensionClass(ExtensionLoader.java:728) ~[dubbo-2.5.4-SNAPSHOT.jar:2.5.4-SNAPSHOT]
	at com.alibaba.dubbo.common.extension.ExtensionLoader.createAdaptiveExtension(ExtensionLoader.java:721) ~[dubbo-2.5.4-SNAPSHOT.jar:2.5.4-SNAPSHOT]
	at com.alibaba.dubbo.common.extension.ExtensionLoader.getAdaptiveExtension(ExtensionLoader.java:455) ~[dubbo-2.5.4-SNAPSHOT.jar:2.5.4-SNAPSHOT]
	at com.alibaba.dubbo.common.extension.ExtensionLoader.createAdaptiveExtensionClass(ExtensionLoader.java:738) ~[dubbo-2.5.4-SNAPSHOT.jar:2.5.4-SNAPSHOT]
	at com.alibaba.dubbo.common.extension.ExtensionLoader.getAdaptiveExtensionClass(ExtensionLoader.java:732) ~[dubbo-2.5.4-SNAPSHOT.jar:2.5.4-SNAPSHOT]
	at com.alibaba.dubbo.common.extension.ExtensionLoader.createAdaptiveExtension(ExtensionLoader.java:721) ~[dubbo-2.5.4-SNAPSHOT.jar:2.5.4-SNAPSHOT]
	... 24 common frames omitted
Caused by: java.lang.NoClassDefFoundError: javassist/ClassPath
	at java.lang.Class.forName0(Native Method) ~[na:1.7.0_55]
	at java.lang.Class.forName(Class.java:270) ~[na:1.7.0_55]
	at com.alibaba.dubbo.common.extension.ExtensionLoader.loadFile(ExtensionLoader.java:627) ~[dubbo-2.5.4-SNAPSHOT.jar:2.5.4-SNAPSHOT]
	... 32 common frames omitted
Caused by: java.lang.ClassNotFoundException: javassist.ClassPath
	at java.net.URLClassLoader$1.run(URLClassLoader.java:366) ~[na:1.7.0_55]
	at java.net.URLClassLoader$1.run(URLClassLoader.java:355) ~[na:1.7.0_55]
	at java.security.AccessController.doPrivileged(Native Method) ~[na:1.7.0_55]
	at java.net.URLClassLoader.findClass(URLClassLoader.java:354) ~[na:1.7.0_55]
	at java.lang.ClassLoader.loadClass(ClassLoader.java:425) ~[na:1.7.0_55]
	at sun.misc.Launcher$AppClassLoader.loadClass(Launcher.java:308) ~[na:1.7.0_55]
	at java.lang.ClassLoader.loadClass(ClassLoader.java:358) ~[na:1.7.0_55]
	... 35 common frames omitted
2017-08-05 21:15:22.808 [DubboShutdownHook] INFO  c.a.dubbo.config.AbstractConfig.info(42) -  [DUBBO] Run shutdown hook now., dubbo version: 2.5.4-SNAPSHOT, current host: 127.0.0.1
2017-08-05 21:15:22.809 [DubboShutdownHook] INFO  c.a.d.r.s.AbstractRegistryFactory.info(42) -  [DUBBO] Close all registries [], dubbo version: 2.5.4-SNAPSHOT, current host: 127.0.0.1
2017-08-05 21:16:58.244 [main] INFO  c.a.d.common.logger.LoggerFactory.info(42) - using logger: com.alibaba.dubbo.common.logger.slf4j.Slf4jLoggerAdapter
2017-08-05 21:16:58.282 [main] WARN  c.a.dubbo.common.utils.ConfigUtils.warn(54) -  [DUBBO] only 1 dubbo.properties file is expected, but 2 dubbo.properties files found on class path: [file:/D:/jws/ws/dubboTest/soa-parent/soa-user/soa-user-core/target/test-classes/dubbo.properties, file:/D:/jws/ws/dubboTest/soa-parent/soa-user/soa-user-core/target/classes/dubbo.properties], dubbo version: 2.5.4-SNAPSHOT, current host: 127.0.0.1
2017-08-05 21:16:58.292 [main] INFO  com.alibaba.dubbo.container.Main.info(42) -  [DUBBO] Use container type([spring]) to run dubbo serivce., dubbo version: 2.5.4-SNAPSHOT, current host: 127.0.0.1
2017-08-05 21:16:59.171 [main] ERROR com.alibaba.dubbo.container.Main.error(74) -  [DUBBO] Error creating bean with name 'com.soa.user.facade.UserFacade': Instantiation of bean failed; nested exception is java.lang.ExceptionInInitializerError, dubbo version: 2.5.4-SNAPSHOT, current host: 127.0.0.1
org.springframework.beans.factory.BeanCreationException: Error creating bean with name 'com.soa.user.facade.UserFacade': Instantiation of bean failed; nested exception is java.lang.ExceptionInInitializerError
	at org.springframework.beans.factory.support.AbstractAutowireCapableBeanFactory.instantiateBean(AbstractAutowireCapableBeanFactory.java:1105) ~[spring-beans-4.2.0.RELEASE.jar:4.2.0.RELEASE]
	at org.springframework.beans.factory.support.AbstractAutowireCapableBeanFactory.createBeanInstance(AbstractAutowireCapableBeanFactory.java:1050) ~[spring-beans-4.2.0.RELEASE.jar:4.2.0.RELEASE]
	at org.springframework.beans.factory.support.AbstractAutowireCapableBeanFactory.doCreateBean(AbstractAutowireCapableBeanFactory.java:510) ~[spring-beans-4.2.0.RELEASE.jar:4.2.0.RELEASE]
	at org.springframework.beans.factory.support.AbstractAutowireCapableBeanFactory.createBean(AbstractAutowireCapableBeanFactory.java:482) ~[spring-beans-4.2.0.RELEASE.jar:4.2.0.RELEASE]
	at org.springframework.beans.factory.support.AbstractBeanFactory$1.getObject(AbstractBeanFactory.java:305) ~[spring-beans-4.2.0.RELEASE.jar:4.2.0.RELEASE]
	at org.springframework.beans.factory.support.DefaultSingletonBeanRegistry.getSingleton(DefaultSingletonBeanRegistry.java:230) ~[spring-beans-4.2.0.RELEASE.jar:4.2.0.RELEASE]
	at org.springframework.beans.factory.support.AbstractBeanFactory.doGetBean(AbstractBeanFactory.java:301) ~[spring-beans-4.2.0.RELEASE.jar:4.2.0.RELEASE]
	at org.springframework.beans.factory.support.AbstractBeanFactory.getBean(AbstractBeanFactory.java:196) ~[spring-beans-4.2.0.RELEASE.jar:4.2.0.RELEASE]
	at org.springframework.beans.factory.support.DefaultListableBeanFactory.preInstantiateSingletons(DefaultListableBeanFactory.java:772) ~[spring-beans-4.2.0.RELEASE.jar:4.2.0.RELEASE]
	at org.springframework.context.support.AbstractApplicationContext.finishBeanFactoryInitialization(AbstractApplicationContext.java:834) ~[spring-context-4.2.0.RELEASE.jar:4.2.0.RELEASE]
	at org.springframework.context.support.AbstractApplicationContext.refresh(AbstractApplicationContext.java:537) ~[spring-context-4.2.0.RELEASE.jar:4.2.0.RELEASE]
	at org.springframework.context.support.ClassPathXmlApplicationContext.<init>(ClassPathXmlApplicationContext.java:139) ~[spring-context-4.2.0.RELEASE.jar:4.2.0.RELEASE]
	at org.springframework.context.support.ClassPathXmlApplicationContext.<init>(ClassPathXmlApplicationContext.java:93) ~[spring-context-4.2.0.RELEASE.jar:4.2.0.RELEASE]
	at com.alibaba.dubbo.container.spring.SpringContainer.start(SpringContainer.java:50) ~[dubbo-2.5.4-SNAPSHOT.jar:2.5.4-SNAPSHOT]
	at com.alibaba.dubbo.container.Main.main(Main.java:80) ~[dubbo-2.5.4-SNAPSHOT.jar:2.5.4-SNAPSHOT]
	at com.soa.user.core.UserMain.main(UserMain.java:7) [test-classes/:na]
Caused by: java.lang.ExceptionInInitializerError: null
	at sun.reflect.NativeConstructorAccessorImpl.newInstance0(Native Method) ~[na:1.7.0_55]
	at sun.reflect.NativeConstructorAccessorImpl.newInstance(NativeConstructorAccessorImpl.java:57) ~[na:1.7.0_55]
	at sun.reflect.DelegatingConstructorAccessorImpl.newInstance(DelegatingConstructorAccessorImpl.java:45) ~[na:1.7.0_55]
	at java.lang.reflect.Constructor.newInstance(Constructor.java:526) ~[na:1.7.0_55]
	at org.springframework.beans.BeanUtils.instantiateClass(BeanUtils.java:147) ~[spring-beans-4.2.0.RELEASE.jar:4.2.0.RELEASE]
	at org.springframework.beans.factory.support.SimpleInstantiationStrategy.instantiate(SimpleInstantiationStrategy.java:89) ~[spring-beans-4.2.0.RELEASE.jar:4.2.0.RELEASE]
	at org.springframework.beans.factory.support.AbstractAutowireCapableBeanFactory.instantiateBean(AbstractAutowireCapableBeanFactory.java:1098) ~[spring-beans-4.2.0.RELEASE.jar:4.2.0.RELEASE]
	... 15 common frames omitted
Caused by: java.lang.IllegalStateException: fail to create adaptive instance: java.lang.IllegalStateException: Can not create adaptive extenstion interface com.alibaba.dubbo.rpc.Protocol, cause: Failed to load extension class(interface: interface com.alibaba.dubbo.common.compiler.Compiler, class line: com.alibaba.dubbo.common.compiler.support.JavassistCompiler) in jar:file:/C:/Users/Administrator/.m2/repository/com/alibaba/dubbo/2.5.4-SNAPSHOT/dubbo-2.5.4-SNAPSHOT.jar!/META-INF/dubbo/internal/com.alibaba.dubbo.common.compiler.Compiler, cause: javassist/ClassPath
	at com.alibaba.dubbo.common.extension.ExtensionLoader.getAdaptiveExtension(ExtensionLoader.java:459) ~[dubbo-2.5.4-SNAPSHOT.jar:2.5.4-SNAPSHOT]
	at com.alibaba.dubbo.config.ServiceConfig.<clinit>(ServiceConfig.java:61) ~[dubbo-2.5.4-SNAPSHOT.jar:2.5.4-SNAPSHOT]
	... 22 common frames omitted
Caused by: java.lang.IllegalStateException: Can not create adaptive extenstion interface com.alibaba.dubbo.rpc.Protocol, cause: Failed to load extension class(interface: interface com.alibaba.dubbo.common.compiler.Compiler, class line: com.alibaba.dubbo.common.compiler.support.JavassistCompiler) in jar:file:/C:/Users/Administrator/.m2/repository/com/alibaba/dubbo/2.5.4-SNAPSHOT/dubbo-2.5.4-SNAPSHOT.jar!/META-INF/dubbo/internal/com.alibaba.dubbo.common.compiler.Compiler, cause: javassist/ClassPath
	at com.alibaba.dubbo.common.extension.ExtensionLoader.createAdaptiveExtension(ExtensionLoader.java:723) ~[dubbo-2.5.4-SNAPSHOT.jar:2.5.4-SNAPSHOT]
	at com.alibaba.dubbo.common.extension.ExtensionLoader.getAdaptiveExtension(ExtensionLoader.java:455) ~[dubbo-2.5.4-SNAPSHOT.jar:2.5.4-SNAPSHOT]
	... 23 common frames omitted
Caused by: java.lang.IllegalStateException: Failed to load extension class(interface: interface com.alibaba.dubbo.common.compiler.Compiler, class line: com.alibaba.dubbo.common.compiler.support.JavassistCompiler) in jar:file:/C:/Users/Administrator/.m2/repository/com/alibaba/dubbo/2.5.4-SNAPSHOT/dubbo-2.5.4-SNAPSHOT.jar!/META-INF/dubbo/internal/com.alibaba.dubbo.common.compiler.Compiler, cause: javassist/ClassPath
	at com.alibaba.dubbo.common.extension.ExtensionLoader.loadFile(ExtensionLoader.java:685) ~[dubbo-2.5.4-SNAPSHOT.jar:2.5.4-SNAPSHOT]
	at com.alibaba.dubbo.common.extension.ExtensionLoader.loadExtensionClasses(ExtensionLoader.java:591) ~[dubbo-2.5.4-SNAPSHOT.jar:2.5.4-SNAPSHOT]
	at com.alibaba.dubbo.common.extension.ExtensionLoader.getExtensionClasses(ExtensionLoader.java:567) ~[dubbo-2.5.4-SNAPSHOT.jar:2.5.4-SNAPSHOT]
	at com.alibaba.dubbo.common.extension.ExtensionLoader.getAdaptiveExtensionClass(ExtensionLoader.java:728) ~[dubbo-2.5.4-SNAPSHOT.jar:2.5.4-SNAPSHOT]
	at com.alibaba.dubbo.common.extension.ExtensionLoader.createAdaptiveExtension(ExtensionLoader.java:721) ~[dubbo-2.5.4-SNAPSHOT.jar:2.5.4-SNAPSHOT]
	at com.alibaba.dubbo.common.extension.ExtensionLoader.getAdaptiveExtension(ExtensionLoader.java:455) ~[dubbo-2.5.4-SNAPSHOT.jar:2.5.4-SNAPSHOT]
	at com.alibaba.dubbo.common.extension.ExtensionLoader.createAdaptiveExtensionClass(ExtensionLoader.java:738) ~[dubbo-2.5.4-SNAPSHOT.jar:2.5.4-SNAPSHOT]
	at com.alibaba.dubbo.common.extension.ExtensionLoader.getAdaptiveExtensionClass(ExtensionLoader.java:732) ~[dubbo-2.5.4-SNAPSHOT.jar:2.5.4-SNAPSHOT]
	at com.alibaba.dubbo.common.extension.ExtensionLoader.createAdaptiveExtension(ExtensionLoader.java:721) ~[dubbo-2.5.4-SNAPSHOT.jar:2.5.4-SNAPSHOT]
	... 24 common frames omitted
Caused by: java.lang.NoClassDefFoundError: javassist/ClassPath
	at java.lang.Class.forName0(Native Method) ~[na:1.7.0_55]
	at java.lang.Class.forName(Class.java:270) ~[na:1.7.0_55]
	at com.alibaba.dubbo.common.extension.ExtensionLoader.loadFile(ExtensionLoader.java:627) ~[dubbo-2.5.4-SNAPSHOT.jar:2.5.4-SNAPSHOT]
	... 32 common frames omitted
Caused by: java.lang.ClassNotFoundException: javassist.ClassPath
	at java.net.URLClassLoader$1.run(URLClassLoader.java:366) ~[na:1.7.0_55]
	at java.net.URLClassLoader$1.run(URLClassLoader.java:355) ~[na:1.7.0_55]
	at java.security.AccessController.doPrivileged(Native Method) ~[na:1.7.0_55]
	at java.net.URLClassLoader.findClass(URLClassLoader.java:354) ~[na:1.7.0_55]
	at java.lang.ClassLoader.loadClass(ClassLoader.java:425) ~[na:1.7.0_55]
	at sun.misc.Launcher$AppClassLoader.loadClass(Launcher.java:308) ~[na:1.7.0_55]
	at java.lang.ClassLoader.loadClass(ClassLoader.java:358) ~[na:1.7.0_55]
	... 35 common frames omitted
2017-08-05 21:16:59.172 [DubboShutdownHook] INFO  c.a.dubbo.config.AbstractConfig.info(42) -  [DUBBO] Run shutdown hook now., dubbo version: 2.5.4-SNAPSHOT, current host: 127.0.0.1
2017-08-05 21:16:59.173 [DubboShutdownHook] INFO  c.a.d.r.s.AbstractRegistryFactory.info(42) -  [DUBBO] Close all registries [], dubbo version: 2.5.4-SNAPSHOT, current host: 127.0.0.1
2017-08-05 21:27:11.935 [main] INFO  c.a.d.common.logger.LoggerFactory.info(42) - using logger: com.alibaba.dubbo.common.logger.slf4j.Slf4jLoggerAdapter
2017-08-05 21:27:11.972 [main] WARN  c.a.dubbo.common.utils.ConfigUtils.warn(54) -  [DUBBO] only 1 dubbo.properties file is expected, but 2 dubbo.properties files found on class path: [file:/D:/jws/ws/dubboTest/soa-parent/soa-user/soa-user-core/target/test-classes/dubbo.properties, file:/D:/jws/ws/dubboTest/soa-parent/soa-user/soa-user-core/target/classes/dubbo.properties], dubbo version: 2.5.4-SNAPSHOT, current host: 127.0.0.1
2017-08-05 21:27:11.982 [main] INFO  com.alibaba.dubbo.container.Main.info(42) -  [DUBBO] Use container type([spring]) to run dubbo serivce., dubbo version: 2.5.4-SNAPSHOT, current host: 127.0.0.1
2017-08-05 21:27:12.873 [main] ERROR com.alibaba.dubbo.container.Main.error(74) -  [DUBBO] Error creating bean with name 'com.soa.user.facade.UserFacade': Instantiation of bean failed; nested exception is java.lang.ExceptionInInitializerError, dubbo version: 2.5.4-SNAPSHOT, current host: 127.0.0.1
org.springframework.beans.factory.BeanCreationException: Error creating bean with name 'com.soa.user.facade.UserFacade': Instantiation of bean failed; nested exception is java.lang.ExceptionInInitializerError
	at org.springframework.beans.factory.support.AbstractAutowireCapableBeanFactory.instantiateBean(AbstractAutowireCapableBeanFactory.java:1105) ~[spring-beans-4.2.0.RELEASE.jar:4.2.0.RELEASE]
	at org.springframework.beans.factory.support.AbstractAutowireCapableBeanFactory.createBeanInstance(AbstractAutowireCapableBeanFactory.java:1050) ~[spring-beans-4.2.0.RELEASE.jar:4.2.0.RELEASE]
	at org.springframework.beans.factory.support.AbstractAutowireCapableBeanFactory.doCreateBean(AbstractAutowireCapableBeanFactory.java:510) ~[spring-beans-4.2.0.RELEASE.jar:4.2.0.RELEASE]
	at org.springframework.beans.factory.support.AbstractAutowireCapableBeanFactory.createBean(AbstractAutowireCapableBeanFactory.java:482) ~[spring-beans-4.2.0.RELEASE.jar:4.2.0.RELEASE]
	at org.springframework.beans.factory.support.AbstractBeanFactory$1.getObject(AbstractBeanFactory.java:305) ~[spring-beans-4.2.0.RELEASE.jar:4.2.0.RELEASE]
	at org.springframework.beans.factory.support.DefaultSingletonBeanRegistry.getSingleton(DefaultSingletonBeanRegistry.java:230) ~[spring-beans-4.2.0.RELEASE.jar:4.2.0.RELEASE]
	at org.springframework.beans.factory.support.AbstractBeanFactory.doGetBean(AbstractBeanFactory.java:301) ~[spring-beans-4.2.0.RELEASE.jar:4.2.0.RELEASE]
	at org.springframework.beans.factory.support.AbstractBeanFactory.getBean(AbstractBeanFactory.java:196) ~[spring-beans-4.2.0.RELEASE.jar:4.2.0.RELEASE]
	at org.springframework.beans.factory.support.DefaultListableBeanFactory.preInstantiateSingletons(DefaultListableBeanFactory.java:772) ~[spring-beans-4.2.0.RELEASE.jar:4.2.0.RELEASE]
	at org.springframework.context.support.AbstractApplicationContext.finishBeanFactoryInitialization(AbstractApplicationContext.java:834) ~[spring-context-4.2.0.RELEASE.jar:4.2.0.RELEASE]
	at org.springframework.context.support.AbstractApplicationContext.refresh(AbstractApplicationContext.java:537) ~[spring-context-4.2.0.RELEASE.jar:4.2.0.RELEASE]
	at org.springframework.context.support.ClassPathXmlApplicationContext.<init>(ClassPathXmlApplicationContext.java:139) ~[spring-context-4.2.0.RELEASE.jar:4.2.0.RELEASE]
	at org.springframework.context.support.ClassPathXmlApplicationContext.<init>(ClassPathXmlApplicationContext.java:93) ~[spring-context-4.2.0.RELEASE.jar:4.2.0.RELEASE]
	at com.alibaba.dubbo.container.spring.SpringContainer.start(SpringContainer.java:50) ~[dubbo-2.5.4-SNAPSHOT.jar:2.5.4-SNAPSHOT]
	at com.alibaba.dubbo.container.Main.main(Main.java:80) ~[dubbo-2.5.4-SNAPSHOT.jar:2.5.4-SNAPSHOT]
	at com.soa.user.core.UserMain.main(UserMain.java:7) [test-classes/:na]
Caused by: java.lang.ExceptionInInitializerError: null
	at sun.reflect.NativeConstructorAccessorImpl.newInstance0(Native Method) ~[na:1.7.0_55]
	at sun.reflect.NativeConstructorAccessorImpl.newInstance(NativeConstructorAccessorImpl.java:57) ~[na:1.7.0_55]
	at sun.reflect.DelegatingConstructorAccessorImpl.newInstance(DelegatingConstructorAccessorImpl.java:45) ~[na:1.7.0_55]
	at java.lang.reflect.Constructor.newInstance(Constructor.java:526) ~[na:1.7.0_55]
	at org.springframework.beans.BeanUtils.instantiateClass(BeanUtils.java:147) ~[spring-beans-4.2.0.RELEASE.jar:4.2.0.RELEASE]
	at org.springframework.beans.factory.support.SimpleInstantiationStrategy.instantiate(SimpleInstantiationStrategy.java:89) ~[spring-beans-4.2.0.RELEASE.jar:4.2.0.RELEASE]
	at org.springframework.beans.factory.support.AbstractAutowireCapableBeanFactory.instantiateBean(AbstractAutowireCapableBeanFactory.java:1098) ~[spring-beans-4.2.0.RELEASE.jar:4.2.0.RELEASE]
	... 15 common frames omitted
Caused by: java.lang.IllegalStateException: fail to create adaptive instance: java.lang.IllegalStateException: Can not create adaptive extenstion interface com.alibaba.dubbo.rpc.Protocol, cause: Failed to load extension class(interface: interface com.alibaba.dubbo.common.compiler.Compiler, class line: com.alibaba.dubbo.common.compiler.support.JavassistCompiler) in jar:file:/C:/Users/Administrator/.m2/repository/com/alibaba/dubbo/2.5.4-SNAPSHOT/dubbo-2.5.4-SNAPSHOT.jar!/META-INF/dubbo/internal/com.alibaba.dubbo.common.compiler.Compiler, cause: javassist/ClassPath
	at com.alibaba.dubbo.common.extension.ExtensionLoader.getAdaptiveExtension(ExtensionLoader.java:459) ~[dubbo-2.5.4-SNAPSHOT.jar:2.5.4-SNAPSHOT]
	at com.alibaba.dubbo.config.ServiceConfig.<clinit>(ServiceConfig.java:61) ~[dubbo-2.5.4-SNAPSHOT.jar:2.5.4-SNAPSHOT]
	... 22 common frames omitted
Caused by: java.lang.IllegalStateException: Can not create adaptive extenstion interface com.alibaba.dubbo.rpc.Protocol, cause: Failed to load extension class(interface: interface com.alibaba.dubbo.common.compiler.Compiler, class line: com.alibaba.dubbo.common.compiler.support.JavassistCompiler) in jar:file:/C:/Users/Administrator/.m2/repository/com/alibaba/dubbo/2.5.4-SNAPSHOT/dubbo-2.5.4-SNAPSHOT.jar!/META-INF/dubbo/internal/com.alibaba.dubbo.common.compiler.Compiler, cause: javassist/ClassPath
	at com.alibaba.dubbo.common.extension.ExtensionLoader.createAdaptiveExtension(ExtensionLoader.java:723) ~[dubbo-2.5.4-SNAPSHOT.jar:2.5.4-SNAPSHOT]
	at com.alibaba.dubbo.common.extension.ExtensionLoader.getAdaptiveExtension(ExtensionLoader.java:455) ~[dubbo-2.5.4-SNAPSHOT.jar:2.5.4-SNAPSHOT]
	... 23 common frames omitted
Caused by: java.lang.IllegalStateException: Failed to load extension class(interface: interface com.alibaba.dubbo.common.compiler.Compiler, class line: com.alibaba.dubbo.common.compiler.support.JavassistCompiler) in jar:file:/C:/Users/Administrator/.m2/repository/com/alibaba/dubbo/2.5.4-SNAPSHOT/dubbo-2.5.4-SNAPSHOT.jar!/META-INF/dubbo/internal/com.alibaba.dubbo.common.compiler.Compiler, cause: javassist/ClassPath
	at com.alibaba.dubbo.common.extension.ExtensionLoader.loadFile(ExtensionLoader.java:685) ~[dubbo-2.5.4-SNAPSHOT.jar:2.5.4-SNAPSHOT]
	at com.alibaba.dubbo.common.extension.ExtensionLoader.loadExtensionClasses(ExtensionLoader.java:591) ~[dubbo-2.5.4-SNAPSHOT.jar:2.5.4-SNAPSHOT]
	at com.alibaba.dubbo.common.extension.ExtensionLoader.getExtensionClasses(ExtensionLoader.java:567) ~[dubbo-2.5.4-SNAPSHOT.jar:2.5.4-SNAPSHOT]
	at com.alibaba.dubbo.common.extension.ExtensionLoader.getAdaptiveExtensionClass(ExtensionLoader.java:728) ~[dubbo-2.5.4-SNAPSHOT.jar:2.5.4-SNAPSHOT]
	at com.alibaba.dubbo.common.extension.ExtensionLoader.createAdaptiveExtension(ExtensionLoader.java:721) ~[dubbo-2.5.4-SNAPSHOT.jar:2.5.4-SNAPSHOT]
	at com.alibaba.dubbo.common.extension.ExtensionLoader.getAdaptiveExtension(ExtensionLoader.java:455) ~[dubbo-2.5.4-SNAPSHOT.jar:2.5.4-SNAPSHOT]
	at com.alibaba.dubbo.common.extension.ExtensionLoader.createAdaptiveExtensionClass(ExtensionLoader.java:738) ~[dubbo-2.5.4-SNAPSHOT.jar:2.5.4-SNAPSHOT]
	at com.alibaba.dubbo.common.extension.ExtensionLoader.getAdaptiveExtensionClass(ExtensionLoader.java:732) ~[dubbo-2.5.4-SNAPSHOT.jar:2.5.4-SNAPSHOT]
	at com.alibaba.dubbo.common.extension.ExtensionLoader.createAdaptiveExtension(ExtensionLoader.java:721) ~[dubbo-2.5.4-SNAPSHOT.jar:2.5.4-SNAPSHOT]
	... 24 common frames omitted
Caused by: java.lang.NoClassDefFoundError: javassist/ClassPath
	at java.lang.Class.forName0(Native Method) ~[na:1.7.0_55]
	at java.lang.Class.forName(Class.java:270) ~[na:1.7.0_55]
	at com.alibaba.dubbo.common.extension.ExtensionLoader.loadFile(ExtensionLoader.java:627) ~[dubbo-2.5.4-SNAPSHOT.jar:2.5.4-SNAPSHOT]
	... 32 common frames omitted
Caused by: java.lang.ClassNotFoundException: javassist.ClassPath
	at java.net.URLClassLoader$1.run(URLClassLoader.java:366) ~[na:1.7.0_55]
	at java.net.URLClassLoader$1.run(URLClassLoader.java:355) ~[na:1.7.0_55]
	at java.security.AccessController.doPrivileged(Native Method) ~[na:1.7.0_55]
	at java.net.URLClassLoader.findClass(URLClassLoader.java:354) ~[na:1.7.0_55]
	at java.lang.ClassLoader.loadClass(ClassLoader.java:425) ~[na:1.7.0_55]
	at sun.misc.Launcher$AppClassLoader.loadClass(Launcher.java:308) ~[na:1.7.0_55]
	at java.lang.ClassLoader.loadClass(ClassLoader.java:358) ~[na:1.7.0_55]
	... 35 common frames omitted
2017-08-05 21:27:12.874 [DubboShutdownHook] INFO  c.a.dubbo.config.AbstractConfig.info(42) -  [DUBBO] Run shutdown hook now., dubbo version: 2.5.4-SNAPSHOT, current host: 127.0.0.1
2017-08-05 21:27:12.875 [DubboShutdownHook] INFO  c.a.d.r.s.AbstractRegistryFactory.info(42) -  [DUBBO] Close all registries [], dubbo version: 2.5.4-SNAPSHOT, current host: 127.0.0.1
2017-08-05 21:28:18.149 [main] INFO  c.a.d.common.logger.LoggerFactory.info(42) - using logger: com.alibaba.dubbo.common.logger.slf4j.Slf4jLoggerAdapter
2017-08-05 21:28:18.187 [main] WARN  c.a.dubbo.common.utils.ConfigUtils.warn(54) -  [DUBBO] only 1 dubbo.properties file is expected, but 2 dubbo.properties files found on class path: [file:/D:/jws/ws/dubboTest/soa-parent/soa-user/soa-user-core/target/test-classes/dubbo.properties, file:/D:/jws/ws/dubboTest/soa-parent/soa-user/soa-user-core/target/classes/dubbo.properties], dubbo version: 2.5.4-SNAPSHOT, current host: 127.0.0.1
2017-08-05 21:28:18.197 [main] INFO  com.alibaba.dubbo.container.Main.info(42) -  [DUBBO] Use container type([spring]) to run dubbo serivce., dubbo version: 2.5.4-SNAPSHOT, current host: 127.0.0.1
2017-08-05 21:28:19.045 [main] ERROR com.alibaba.dubbo.container.Main.error(74) -  [DUBBO] Error creating bean with name 'com.soa.user.facade.UserFacade': Instantiation of bean failed; nested exception is java.lang.ExceptionInInitializerError, dubbo version: 2.5.4-SNAPSHOT, current host: 127.0.0.1
org.springframework.beans.factory.BeanCreationException: Error creating bean with name 'com.soa.user.facade.UserFacade': Instantiation of bean failed; nested exception is java.lang.ExceptionInInitializerError
	at org.springframework.beans.factory.support.AbstractAutowireCapableBeanFactory.instantiateBean(AbstractAutowireCapableBeanFactory.java:1105) ~[spring-beans-4.2.0.RELEASE.jar:4.2.0.RELEASE]
	at org.springframework.beans.factory.support.AbstractAutowireCapableBeanFactory.createBeanInstance(AbstractAutowireCapableBeanFactory.java:1050) ~[spring-beans-4.2.0.RELEASE.jar:4.2.0.RELEASE]
	at org.springframework.beans.factory.support.AbstractAutowireCapableBeanFactory.doCreateBean(AbstractAutowireCapableBeanFactory.java:510) ~[spring-beans-4.2.0.RELEASE.jar:4.2.0.RELEASE]
	at org.springframework.beans.factory.support.AbstractAutowireCapableBeanFactory.createBean(AbstractAutowireCapableBeanFactory.java:482) ~[spring-beans-4.2.0.RELEASE.jar:4.2.0.RELEASE]
	at org.springframework.beans.factory.support.AbstractBeanFactory$1.getObject(AbstractBeanFactory.java:305) ~[spring-beans-4.2.0.RELEASE.jar:4.2.0.RELEASE]
	at org.springframework.beans.factory.support.DefaultSingletonBeanRegistry.getSingleton(DefaultSingletonBeanRegistry.java:230) ~[spring-beans-4.2.0.RELEASE.jar:4.2.0.RELEASE]
	at org.springframework.beans.factory.support.AbstractBeanFactory.doGetBean(AbstractBeanFactory.java:301) ~[spring-beans-4.2.0.RELEASE.jar:4.2.0.RELEASE]
	at org.springframework.beans.factory.support.AbstractBeanFactory.getBean(AbstractBeanFactory.java:196) ~[spring-beans-4.2.0.RELEASE.jar:4.2.0.RELEASE]
	at org.springframework.beans.factory.support.DefaultListableBeanFactory.preInstantiateSingletons(DefaultListableBeanFactory.java:772) ~[spring-beans-4.2.0.RELEASE.jar:4.2.0.RELEASE]
	at org.springframework.context.support.AbstractApplicationContext.finishBeanFactoryInitialization(AbstractApplicationContext.java:834) ~[spring-context-4.2.0.RELEASE.jar:4.2.0.RELEASE]
	at org.springframework.context.support.AbstractApplicationContext.refresh(AbstractApplicationContext.java:537) ~[spring-context-4.2.0.RELEASE.jar:4.2.0.RELEASE]
	at org.springframework.context.support.ClassPathXmlApplicationContext.<init>(ClassPathXmlApplicationContext.java:139) ~[spring-context-4.2.0.RELEASE.jar:4.2.0.RELEASE]
	at org.springframework.context.support.ClassPathXmlApplicationContext.<init>(ClassPathXmlApplicationContext.java:93) ~[spring-context-4.2.0.RELEASE.jar:4.2.0.RELEASE]
	at com.alibaba.dubbo.container.spring.SpringContainer.start(SpringContainer.java:50) ~[dubbo-2.5.4-SNAPSHOT.jar:2.5.4-SNAPSHOT]
	at com.alibaba.dubbo.container.Main.main(Main.java:80) ~[dubbo-2.5.4-SNAPSHOT.jar:2.5.4-SNAPSHOT]
	at com.soa.user.core.UserMain.main(UserMain.java:6) [test-classes/:na]
Caused by: java.lang.ExceptionInInitializerError: null
	at sun.reflect.NativeConstructorAccessorImpl.newInstance0(Native Method) ~[na:1.7.0_55]
	at sun.reflect.NativeConstructorAccessorImpl.newInstance(NativeConstructorAccessorImpl.java:57) ~[na:1.7.0_55]
	at sun.reflect.DelegatingConstructorAccessorImpl.newInstance(DelegatingConstructorAccessorImpl.java:45) ~[na:1.7.0_55]
	at java.lang.reflect.Constructor.newInstance(Constructor.java:526) ~[na:1.7.0_55]
	at org.springframework.beans.BeanUtils.instantiateClass(BeanUtils.java:147) ~[spring-beans-4.2.0.RELEASE.jar:4.2.0.RELEASE]
	at org.springframework.beans.factory.support.SimpleInstantiationStrategy.instantiate(SimpleInstantiationStrategy.java:89) ~[spring-beans-4.2.0.RELEASE.jar:4.2.0.RELEASE]
	at org.springframework.beans.factory.support.AbstractAutowireCapableBeanFactory.instantiateBean(AbstractAutowireCapableBeanFactory.java:1098) ~[spring-beans-4.2.0.RELEASE.jar:4.2.0.RELEASE]
	... 15 common frames omitted
Caused by: java.lang.IllegalStateException: fail to create adaptive instance: java.lang.IllegalStateException: Can not create adaptive extenstion interface com.alibaba.dubbo.rpc.Protocol, cause: Failed to load extension class(interface: interface com.alibaba.dubbo.common.compiler.Compiler, class line: com.alibaba.dubbo.common.compiler.support.JavassistCompiler) in jar:file:/C:/Users/Administrator/.m2/repository/com/alibaba/dubbo/2.5.4-SNAPSHOT/dubbo-2.5.4-SNAPSHOT.jar!/META-INF/dubbo/internal/com.alibaba.dubbo.common.compiler.Compiler, cause: javassist/ClassPath
	at com.alibaba.dubbo.common.extension.ExtensionLoader.getAdaptiveExtension(ExtensionLoader.java:459) ~[dubbo-2.5.4-SNAPSHOT.jar:2.5.4-SNAPSHOT]
	at com.alibaba.dubbo.config.ServiceConfig.<clinit>(ServiceConfig.java:61) ~[dubbo-2.5.4-SNAPSHOT.jar:2.5.4-SNAPSHOT]
	... 22 common frames omitted
Caused by: java.lang.IllegalStateException: Can not create adaptive extenstion interface com.alibaba.dubbo.rpc.Protocol, cause: Failed to load extension class(interface: interface com.alibaba.dubbo.common.compiler.Compiler, class line: com.alibaba.dubbo.common.compiler.support.JavassistCompiler) in jar:file:/C:/Users/Administrator/.m2/repository/com/alibaba/dubbo/2.5.4-SNAPSHOT/dubbo-2.5.4-SNAPSHOT.jar!/META-INF/dubbo/internal/com.alibaba.dubbo.common.compiler.Compiler, cause: javassist/ClassPath
	at com.alibaba.dubbo.common.extension.ExtensionLoader.createAdaptiveExtension(ExtensionLoader.java:723) ~[dubbo-2.5.4-SNAPSHOT.jar:2.5.4-SNAPSHOT]
	at com.alibaba.dubbo.common.extension.ExtensionLoader.getAdaptiveExtension(ExtensionLoader.java:455) ~[dubbo-2.5.4-SNAPSHOT.jar:2.5.4-SNAPSHOT]
	... 23 common frames omitted
Caused by: java.lang.IllegalStateException: Failed to load extension class(interface: interface com.alibaba.dubbo.common.compiler.Compiler, class line: com.alibaba.dubbo.common.compiler.support.JavassistCompiler) in jar:file:/C:/Users/Administrator/.m2/repository/com/alibaba/dubbo/2.5.4-SNAPSHOT/dubbo-2.5.4-SNAPSHOT.jar!/META-INF/dubbo/internal/com.alibaba.dubbo.common.compiler.Compiler, cause: javassist/ClassPath
	at com.alibaba.dubbo.common.extension.ExtensionLoader.loadFile(ExtensionLoader.java:685) ~[dubbo-2.5.4-SNAPSHOT.jar:2.5.4-SNAPSHOT]
	at com.alibaba.dubbo.common.extension.ExtensionLoader.loadExtensionClasses(ExtensionLoader.java:591) ~[dubbo-2.5.4-SNAPSHOT.jar:2.5.4-SNAPSHOT]
	at com.alibaba.dubbo.common.extension.ExtensionLoader.getExtensionClasses(ExtensionLoader.java:567) ~[dubbo-2.5.4-SNAPSHOT.jar:2.5.4-SNAPSHOT]
	at com.alibaba.dubbo.common.extension.ExtensionLoader.getAdaptiveExtensionClass(ExtensionLoader.java:728) ~[dubbo-2.5.4-SNAPSHOT.jar:2.5.4-SNAPSHOT]
	at com.alibaba.dubbo.common.extension.ExtensionLoader.createAdaptiveExtension(ExtensionLoader.java:721) ~[dubbo-2.5.4-SNAPSHOT.jar:2.5.4-SNAPSHOT]
	at com.alibaba.dubbo.common.extension.ExtensionLoader.getAdaptiveExtension(ExtensionLoader.java:455) ~[dubbo-2.5.4-SNAPSHOT.jar:2.5.4-SNAPSHOT]
	at com.alibaba.dubbo.common.extension.ExtensionLoader.createAdaptiveExtensionClass(ExtensionLoader.java:738) ~[dubbo-2.5.4-SNAPSHOT.jar:2.5.4-SNAPSHOT]
	at com.alibaba.dubbo.common.extension.ExtensionLoader.getAdaptiveExtensionClass(ExtensionLoader.java:732) ~[dubbo-2.5.4-SNAPSHOT.jar:2.5.4-SNAPSHOT]
	at com.alibaba.dubbo.common.extension.ExtensionLoader.createAdaptiveExtension(ExtensionLoader.java:721) ~[dubbo-2.5.4-SNAPSHOT.jar:2.5.4-SNAPSHOT]
	... 24 common frames omitted
Caused by: java.lang.NoClassDefFoundError: javassist/ClassPath
	at java.lang.Class.forName0(Native Method) ~[na:1.7.0_55]
	at java.lang.Class.forName(Class.java:270) ~[na:1.7.0_55]
	at com.alibaba.dubbo.common.extension.ExtensionLoader.loadFile(ExtensionLoader.java:627) ~[dubbo-2.5.4-SNAPSHOT.jar:2.5.4-SNAPSHOT]
	... 32 common frames omitted
Caused by: java.lang.ClassNotFoundException: javassist.ClassPath
	at java.net.URLClassLoader$1.run(URLClassLoader.java:366) ~[na:1.7.0_55]
	at java.net.URLClassLoader$1.run(URLClassLoader.java:355) ~[na:1.7.0_55]
	at java.security.AccessController.doPrivileged(Native Method) ~[na:1.7.0_55]
	at java.net.URLClassLoader.findClass(URLClassLoader.java:354) ~[na:1.7.0_55]
	at java.lang.ClassLoader.loadClass(ClassLoader.java:425) ~[na:1.7.0_55]
	at sun.misc.Launcher$AppClassLoader.loadClass(Launcher.java:308) ~[na:1.7.0_55]
	at java.lang.ClassLoader.loadClass(ClassLoader.java:358) ~[na:1.7.0_55]
	... 35 common frames omitted
2017-08-05 21:28:19.046 [DubboShutdownHook] INFO  c.a.dubbo.config.AbstractConfig.info(42) -  [DUBBO] Run shutdown hook now., dubbo version: 2.5.4-SNAPSHOT, current host: 127.0.0.1
2017-08-05 21:28:19.047 [DubboShutdownHook] INFO  c.a.d.r.s.AbstractRegistryFactory.info(42) -  [DUBBO] Close all registries [], dubbo version: 2.5.4-SNAPSHOT, current host: 127.0.0.1
2017-08-05 21:39:53.372 [main] INFO  c.a.d.common.logger.LoggerFactory.info(42) - using logger: com.alibaba.dubbo.common.logger.slf4j.Slf4jLoggerAdapter
2017-08-05 21:39:53.413 [main] WARN  c.a.dubbo.common.utils.ConfigUtils.warn(54) -  [DUBBO] only 1 dubbo.properties file is expected, but 2 dubbo.properties files found on class path: [file:/D:/jws/ws/dubboTest/soa-parent/soa-user/soa-user-core/target/test-classes/dubbo.properties, file:/D:/jws/ws/dubboTest/soa-parent/soa-user/soa-user-core/target/classes/dubbo.properties], dubbo version: 2.5.4-SNAPSHOT, current host: 127.0.0.1
2017-08-05 21:39:53.424 [main] INFO  com.alibaba.dubbo.container.Main.info(42) -  [DUBBO] Use container type([spring]) to run dubbo serivce., dubbo version: 2.5.4-SNAPSHOT, current host: 127.0.0.1
2017-08-05 21:39:54.290 [main] ERROR com.alibaba.dubbo.container.Main.error(74) -  [DUBBO] Error creating bean with name 'com.soa.user.facade.UserFacade': Instantiation of bean failed; nested exception is java.lang.ExceptionInInitializerError, dubbo version: 2.5.4-SNAPSHOT, current host: 127.0.0.1
org.springframework.beans.factory.BeanCreationException: Error creating bean with name 'com.soa.user.facade.UserFacade': Instantiation of bean failed; nested exception is java.lang.ExceptionInInitializerError
	at org.springframework.beans.factory.support.AbstractAutowireCapableBeanFactory.instantiateBean(AbstractAutowireCapableBeanFactory.java:1105) ~[spring-beans-4.2.0.RELEASE.jar:4.2.0.RELEASE]
	at org.springframework.beans.factory.support.AbstractAutowireCapableBeanFactory.createBeanInstance(AbstractAutowireCapableBeanFactory.java:1050) ~[spring-beans-4.2.0.RELEASE.jar:4.2.0.RELEASE]
	at org.springframework.beans.factory.support.AbstractAutowireCapableBeanFactory.doCreateBean(AbstractAutowireCapableBeanFactory.java:510) ~[spring-beans-4.2.0.RELEASE.jar:4.2.0.RELEASE]
	at org.springframework.beans.factory.support.AbstractAutowireCapableBeanFactory.createBean(AbstractAutowireCapableBeanFactory.java:482) ~[spring-beans-4.2.0.RELEASE.jar:4.2.0.RELEASE]
	at org.springframework.beans.factory.support.AbstractBeanFactory$1.getObject(AbstractBeanFactory.java:305) ~[spring-beans-4.2.0.RELEASE.jar:4.2.0.RELEASE]
	at org.springframework.beans.factory.support.DefaultSingletonBeanRegistry.getSingleton(DefaultSingletonBeanRegistry.java:230) ~[spring-beans-4.2.0.RELEASE.jar:4.2.0.RELEASE]
	at org.springframework.beans.factory.support.AbstractBeanFactory.doGetBean(AbstractBeanFactory.java:301) ~[spring-beans-4.2.0.RELEASE.jar:4.2.0.RELEASE]
	at org.springframework.beans.factory.support.AbstractBeanFactory.getBean(AbstractBeanFactory.java:196) ~[spring-beans-4.2.0.RELEASE.jar:4.2.0.RELEASE]
	at org.springframework.beans.factory.support.DefaultListableBeanFactory.preInstantiateSingletons(DefaultListableBeanFactory.java:772) ~[spring-beans-4.2.0.RELEASE.jar:4.2.0.RELEASE]
	at org.springframework.context.support.AbstractApplicationContext.finishBeanFactoryInitialization(AbstractApplicationContext.java:834) ~[spring-context-4.2.0.RELEASE.jar:4.2.0.RELEASE]
	at org.springframework.context.support.AbstractApplicationContext.refresh(AbstractApplicationContext.java:537) ~[spring-context-4.2.0.RELEASE.jar:4.2.0.RELEASE]
	at org.springframework.context.support.ClassPathXmlApplicationContext.<init>(ClassPathXmlApplicationContext.java:139) ~[spring-context-4.2.0.RELEASE.jar:4.2.0.RELEASE]
	at org.springframework.context.support.ClassPathXmlApplicationContext.<init>(ClassPathXmlApplicationContext.java:93) ~[spring-context-4.2.0.RELEASE.jar:4.2.0.RELEASE]
	at com.alibaba.dubbo.container.spring.SpringContainer.start(SpringContainer.java:50) ~[dubbo-2.5.4-SNAPSHOT.jar:2.5.4-SNAPSHOT]
	at com.alibaba.dubbo.container.Main.main(Main.java:80) ~[dubbo-2.5.4-SNAPSHOT.jar:2.5.4-SNAPSHOT]
	at com.soa.user.core.UserMain.main(UserMain.java:6) [test-classes/:na]
Caused by: java.lang.ExceptionInInitializerError: null
	at sun.reflect.NativeConstructorAccessorImpl.newInstance0(Native Method) ~[na:1.7.0_55]
	at sun.reflect.NativeConstructorAccessorImpl.newInstance(NativeConstructorAccessorImpl.java:57) ~[na:1.7.0_55]
	at sun.reflect.DelegatingConstructorAccessorImpl.newInstance(DelegatingConstructorAccessorImpl.java:45) ~[na:1.7.0_55]
	at java.lang.reflect.Constructor.newInstance(Constructor.java:526) ~[na:1.7.0_55]
	at org.springframework.beans.BeanUtils.instantiateClass(BeanUtils.java:147) ~[spring-beans-4.2.0.RELEASE.jar:4.2.0.RELEASE]
	at org.springframework.beans.factory.support.SimpleInstantiationStrategy.instantiate(SimpleInstantiationStrategy.java:89) ~[spring-beans-4.2.0.RELEASE.jar:4.2.0.RELEASE]
	at org.springframework.beans.factory.support.AbstractAutowireCapableBeanFactory.instantiateBean(AbstractAutowireCapableBeanFactory.java:1098) ~[spring-beans-4.2.0.RELEASE.jar:4.2.0.RELEASE]
	... 15 common frames omitted
Caused by: java.lang.IllegalStateException: fail to create adaptive instance: java.lang.IllegalStateException: Can not create adaptive extenstion interface com.alibaba.dubbo.rpc.Protocol, cause: Failed to load extension class(interface: interface com.alibaba.dubbo.common.compiler.Compiler, class line: com.alibaba.dubbo.common.compiler.support.JavassistCompiler) in jar:file:/C:/Users/Administrator/.m2/repository/com/alibaba/dubbo/2.5.4-SNAPSHOT/dubbo-2.5.4-SNAPSHOT.jar!/META-INF/dubbo/internal/com.alibaba.dubbo.common.compiler.Compiler, cause: javassist/ClassPath
	at com.alibaba.dubbo.common.extension.ExtensionLoader.getAdaptiveExtension(ExtensionLoader.java:459) ~[dubbo-2.5.4-SNAPSHOT.jar:2.5.4-SNAPSHOT]
	at com.alibaba.dubbo.config.ServiceConfig.<clinit>(ServiceConfig.java:61) ~[dubbo-2.5.4-SNAPSHOT.jar:2.5.4-SNAPSHOT]
	... 22 common frames omitted
Caused by: java.lang.IllegalStateException: Can not create adaptive extenstion interface com.alibaba.dubbo.rpc.Protocol, cause: Failed to load extension class(interface: interface com.alibaba.dubbo.common.compiler.Compiler, class line: com.alibaba.dubbo.common.compiler.support.JavassistCompiler) in jar:file:/C:/Users/Administrator/.m2/repository/com/alibaba/dubbo/2.5.4-SNAPSHOT/dubbo-2.5.4-SNAPSHOT.jar!/META-INF/dubbo/internal/com.alibaba.dubbo.common.compiler.Compiler, cause: javassist/ClassPath
	at com.alibaba.dubbo.common.extension.ExtensionLoader.createAdaptiveExtension(ExtensionLoader.java:723) ~[dubbo-2.5.4-SNAPSHOT.jar:2.5.4-SNAPSHOT]
	at com.alibaba.dubbo.common.extension.ExtensionLoader.getAdaptiveExtension(ExtensionLoader.java:455) ~[dubbo-2.5.4-SNAPSHOT.jar:2.5.4-SNAPSHOT]
	... 23 common frames omitted
Caused by: java.lang.IllegalStateException: Failed to load extension class(interface: interface com.alibaba.dubbo.common.compiler.Compiler, class line: com.alibaba.dubbo.common.compiler.support.JavassistCompiler) in jar:file:/C:/Users/Administrator/.m2/repository/com/alibaba/dubbo/2.5.4-SNAPSHOT/dubbo-2.5.4-SNAPSHOT.jar!/META-INF/dubbo/internal/com.alibaba.dubbo.common.compiler.Compiler, cause: javassist/ClassPath
	at com.alibaba.dubbo.common.extension.ExtensionLoader.loadFile(ExtensionLoader.java:685) ~[dubbo-2.5.4-SNAPSHOT.jar:2.5.4-SNAPSHOT]
	at com.alibaba.dubbo.common.extension.ExtensionLoader.loadExtensionClasses(ExtensionLoader.java:591) ~[dubbo-2.5.4-SNAPSHOT.jar:2.5.4-SNAPSHOT]
	at com.alibaba.dubbo.common.extension.ExtensionLoader.getExtensionClasses(ExtensionLoader.java:567) ~[dubbo-2.5.4-SNAPSHOT.jar:2.5.4-SNAPSHOT]
	at com.alibaba.dubbo.common.extension.ExtensionLoader.getAdaptiveExtensionClass(ExtensionLoader.java:728) ~[dubbo-2.5.4-SNAPSHOT.jar:2.5.4-SNAPSHOT]
	at com.alibaba.dubbo.common.extension.ExtensionLoader.createAdaptiveExtension(ExtensionLoader.java:721) ~[dubbo-2.5.4-SNAPSHOT.jar:2.5.4-SNAPSHOT]
	at com.alibaba.dubbo.common.extension.ExtensionLoader.getAdaptiveExtension(ExtensionLoader.java:455) ~[dubbo-2.5.4-SNAPSHOT.jar:2.5.4-SNAPSHOT]
	at com.alibaba.dubbo.common.extension.ExtensionLoader.createAdaptiveExtensionClass(ExtensionLoader.java:738) ~[dubbo-2.5.4-SNAPSHOT.jar:2.5.4-SNAPSHOT]
	at com.alibaba.dubbo.common.extension.ExtensionLoader.getAdaptiveExtensionClass(ExtensionLoader.java:732) ~[dubbo-2.5.4-SNAPSHOT.jar:2.5.4-SNAPSHOT]
	at com.alibaba.dubbo.common.extension.ExtensionLoader.createAdaptiveExtension(ExtensionLoader.java:721) ~[dubbo-2.5.4-SNAPSHOT.jar:2.5.4-SNAPSHOT]
	... 24 common frames omitted
Caused by: java.lang.NoClassDefFoundError: javassist/ClassPath
	at java.lang.Class.forName0(Native Method) ~[na:1.7.0_55]
	at java.lang.Class.forName(Class.java:270) ~[na:1.7.0_55]
	at com.alibaba.dubbo.common.extension.ExtensionLoader.loadFile(ExtensionLoader.java:627) ~[dubbo-2.5.4-SNAPSHOT.jar:2.5.4-SNAPSHOT]
	... 32 common frames omitted
Caused by: java.lang.ClassNotFoundException: javassist.ClassPath
	at java.net.URLClassLoader$1.run(URLClassLoader.java:366) ~[na:1.7.0_55]
	at java.net.URLClassLoader$1.run(URLClassLoader.java:355) ~[na:1.7.0_55]
	at java.security.AccessController.doPrivileged(Native Method) ~[na:1.7.0_55]
	at java.net.URLClassLoader.findClass(URLClassLoader.java:354) ~[na:1.7.0_55]
	at java.lang.ClassLoader.loadClass(ClassLoader.java:425) ~[na:1.7.0_55]
	at sun.misc.Launcher$AppClassLoader.loadClass(Launcher.java:308) ~[na:1.7.0_55]
	at java.lang.ClassLoader.loadClass(ClassLoader.java:358) ~[na:1.7.0_55]
	... 35 common frames omitted
2017-08-05 21:39:54.290 [DubboShutdownHook] INFO  c.a.dubbo.config.AbstractConfig.info(42) -  [DUBBO] Run shutdown hook now., dubbo version: 2.5.4-SNAPSHOT, current host: 127.0.0.1
2017-08-05 21:39:54.292 [DubboShutdownHook] INFO  c.a.d.r.s.AbstractRegistryFactory.info(42) -  [DUBBO] Close all registries [], dubbo version: 2.5.4-SNAPSHOT, current host: 127.0.0.1
2017-08-05 21:48:16.303 [main] INFO  c.a.d.common.logger.LoggerFactory.info(42) - using logger: com.alibaba.dubbo.common.logger.slf4j.Slf4jLoggerAdapter
2017-08-05 21:48:16.341 [main] WARN  c.a.dubbo.common.utils.ConfigUtils.warn(54) -  [DUBBO] only 1 dubbo.properties file is expected, but 2 dubbo.properties files found on class path: [file:/D:/jws/ws/dubboTest/soa-parent/soa-user/soa-user-core/target/test-classes/dubbo.properties, file:/D:/jws/ws/dubboTest/soa-parent/soa-user/soa-user-core/target/classes/dubbo.properties], dubbo version: 2.5.4-SNAPSHOT, current host: 127.0.0.1
2017-08-05 21:48:16.351 [main] INFO  com.alibaba.dubbo.container.Main.info(42) -  [DUBBO] Use container type([spring]) to run dubbo serivce., dubbo version: 2.5.4-SNAPSHOT, current host: 127.0.0.1
2017-08-05 21:48:17.215 [main] ERROR com.alibaba.dubbo.container.Main.error(74) -  [DUBBO] Error creating bean with name 'com.soa.user.facade.UserFacade': Instantiation of bean failed; nested exception is java.lang.ExceptionInInitializerError, dubbo version: 2.5.4-SNAPSHOT, current host: 127.0.0.1
org.springframework.beans.factory.BeanCreationException: Error creating bean with name 'com.soa.user.facade.UserFacade': Instantiation of bean failed; nested exception is java.lang.ExceptionInInitializerError
	at org.springframework.beans.factory.support.AbstractAutowireCapableBeanFactory.instantiateBean(AbstractAutowireCapableBeanFactory.java:1105) ~[spring-beans-4.2.0.RELEASE.jar:4.2.0.RELEASE]
	at org.springframework.beans.factory.support.AbstractAutowireCapableBeanFactory.createBeanInstance(AbstractAutowireCapableBeanFactory.java:1050) ~[spring-beans-4.2.0.RELEASE.jar:4.2.0.RELEASE]
	at org.springframework.beans.factory.support.AbstractAutowireCapableBeanFactory.doCreateBean(AbstractAutowireCapableBeanFactory.java:510) ~[spring-beans-4.2.0.RELEASE.jar:4.2.0.RELEASE]
	at org.springframework.beans.factory.support.AbstractAutowireCapableBeanFactory.createBean(AbstractAutowireCapableBeanFactory.java:482) ~[spring-beans-4.2.0.RELEASE.jar:4.2.0.RELEASE]
	at org.springframework.beans.factory.support.AbstractBeanFactory$1.getObject(AbstractBeanFactory.java:305) ~[spring-beans-4.2.0.RELEASE.jar:4.2.0.RELEASE]
	at org.springframework.beans.factory.support.DefaultSingletonBeanRegistry.getSingleton(DefaultSingletonBeanRegistry.java:230) ~[spring-beans-4.2.0.RELEASE.jar:4.2.0.RELEASE]
	at org.springframework.beans.factory.support.AbstractBeanFactory.doGetBean(AbstractBeanFactory.java:301) ~[spring-beans-4.2.0.RELEASE.jar:4.2.0.RELEASE]
	at org.springframework.beans.factory.support.AbstractBeanFactory.getBean(AbstractBeanFactory.java:196) ~[spring-beans-4.2.0.RELEASE.jar:4.2.0.RELEASE]
	at org.springframework.beans.factory.support.DefaultListableBeanFactory.preInstantiateSingletons(DefaultListableBeanFactory.java:772) ~[spring-beans-4.2.0.RELEASE.jar:4.2.0.RELEASE]
	at org.springframework.context.support.AbstractApplicationContext.finishBeanFactoryInitialization(AbstractApplicationContext.java:834) ~[spring-context-4.2.0.RELEASE.jar:4.2.0.RELEASE]
	at org.springframework.context.support.AbstractApplicationContext.refresh(AbstractApplicationContext.java:537) ~[spring-context-4.2.0.RELEASE.jar:4.2.0.RELEASE]
	at org.springframework.context.support.ClassPathXmlApplicationContext.<init>(ClassPathXmlApplicationContext.java:139) ~[spring-context-4.2.0.RELEASE.jar:4.2.0.RELEASE]
	at org.springframework.context.support.ClassPathXmlApplicationContext.<init>(ClassPathXmlApplicationContext.java:93) ~[spring-context-4.2.0.RELEASE.jar:4.2.0.RELEASE]
	at com.alibaba.dubbo.container.spring.SpringContainer.start(SpringContainer.java:50) ~[dubbo-2.5.4-SNAPSHOT.jar:2.5.4-SNAPSHOT]
	at com.alibaba.dubbo.container.Main.main(Main.java:80) ~[dubbo-2.5.4-SNAPSHOT.jar:2.5.4-SNAPSHOT]
	at com.soa.user.core.UserMain.main(UserMain.java:6) [test-classes/:na]
Caused by: java.lang.ExceptionInInitializerError: null
	at sun.reflect.NativeConstructorAccessorImpl.newInstance0(Native Method) ~[na:1.7.0_55]
	at sun.reflect.NativeConstructorAccessorImpl.newInstance(NativeConstructorAccessorImpl.java:57) ~[na:1.7.0_55]
	at sun.reflect.DelegatingConstructorAccessorImpl.newInstance(DelegatingConstructorAccessorImpl.java:45) ~[na:1.7.0_55]
	at java.lang.reflect.Constructor.newInstance(Constructor.java:526) ~[na:1.7.0_55]
	at org.springframework.beans.BeanUtils.instantiateClass(BeanUtils.java:147) ~[spring-beans-4.2.0.RELEASE.jar:4.2.0.RELEASE]
	at org.springframework.beans.factory.support.SimpleInstantiationStrategy.instantiate(SimpleInstantiationStrategy.java:89) ~[spring-beans-4.2.0.RELEASE.jar:4.2.0.RELEASE]
	at org.springframework.beans.factory.support.AbstractAutowireCapableBeanFactory.instantiateBean(AbstractAutowireCapableBeanFactory.java:1098) ~[spring-beans-4.2.0.RELEASE.jar:4.2.0.RELEASE]
	... 15 common frames omitted
Caused by: java.lang.IllegalStateException: fail to create adaptive instance: java.lang.IllegalStateException: Can not create adaptive extenstion interface com.alibaba.dubbo.rpc.Protocol, cause: Failed to load extension class(interface: interface com.alibaba.dubbo.common.compiler.Compiler, class line: com.alibaba.dubbo.common.compiler.support.JavassistCompiler) in jar:file:/C:/Users/Administrator/.m2/repository/com/alibaba/dubbo/2.5.4-SNAPSHOT/dubbo-2.5.4-SNAPSHOT.jar!/META-INF/dubbo/internal/com.alibaba.dubbo.common.compiler.Compiler, cause: javassist/ClassPath
	at com.alibaba.dubbo.common.extension.ExtensionLoader.getAdaptiveExtension(ExtensionLoader.java:459) ~[dubbo-2.5.4-SNAPSHOT.jar:2.5.4-SNAPSHOT]
	at com.alibaba.dubbo.config.ServiceConfig.<clinit>(ServiceConfig.java:61) ~[dubbo-2.5.4-SNAPSHOT.jar:2.5.4-SNAPSHOT]
	... 22 common frames omitted
Caused by: java.lang.IllegalStateException: Can not create adaptive extenstion interface com.alibaba.dubbo.rpc.Protocol, cause: Failed to load extension class(interface: interface com.alibaba.dubbo.common.compiler.Compiler, class line: com.alibaba.dubbo.common.compiler.support.JavassistCompiler) in jar:file:/C:/Users/Administrator/.m2/repository/com/alibaba/dubbo/2.5.4-SNAPSHOT/dubbo-2.5.4-SNAPSHOT.jar!/META-INF/dubbo/internal/com.alibaba.dubbo.common.compiler.Compiler, cause: javassist/ClassPath
	at com.alibaba.dubbo.common.extension.ExtensionLoader.createAdaptiveExtension(ExtensionLoader.java:723) ~[dubbo-2.5.4-SNAPSHOT.jar:2.5.4-SNAPSHOT]
	at com.alibaba.dubbo.common.extension.ExtensionLoader.getAdaptiveExtension(ExtensionLoader.java:455) ~[dubbo-2.5.4-SNAPSHOT.jar:2.5.4-SNAPSHOT]
	... 23 common frames omitted
Caused by: java.lang.IllegalStateException: Failed to load extension class(interface: interface com.alibaba.dubbo.common.compiler.Compiler, class line: com.alibaba.dubbo.common.compiler.support.JavassistCompiler) in jar:file:/C:/Users/Administrator/.m2/repository/com/alibaba/dubbo/2.5.4-SNAPSHOT/dubbo-2.5.4-SNAPSHOT.jar!/META-INF/dubbo/internal/com.alibaba.dubbo.common.compiler.Compiler, cause: javassist/ClassPath
	at com.alibaba.dubbo.common.extension.ExtensionLoader.loadFile(ExtensionLoader.java:685) ~[dubbo-2.5.4-SNAPSHOT.jar:2.5.4-SNAPSHOT]
	at com.alibaba.dubbo.common.extension.ExtensionLoader.loadExtensionClasses(ExtensionLoader.java:591) ~[dubbo-2.5.4-SNAPSHOT.jar:2.5.4-SNAPSHOT]
	at com.alibaba.dubbo.common.extension.ExtensionLoader.getExtensionClasses(ExtensionLoader.java:567) ~[dubbo-2.5.4-SNAPSHOT.jar:2.5.4-SNAPSHOT]
	at com.alibaba.dubbo.common.extension.ExtensionLoader.getAdaptiveExtensionClass(ExtensionLoader.java:728) ~[dubbo-2.5.4-SNAPSHOT.jar:2.5.4-SNAPSHOT]
	at com.alibaba.dubbo.common.extension.ExtensionLoader.createAdaptiveExtension(ExtensionLoader.java:721) ~[dubbo-2.5.4-SNAPSHOT.jar:2.5.4-SNAPSHOT]
	at com.alibaba.dubbo.common.extension.ExtensionLoader.getAdaptiveExtension(ExtensionLoader.java:455) ~[dubbo-2.5.4-SNAPSHOT.jar:2.5.4-SNAPSHOT]
	at com.alibaba.dubbo.common.extension.ExtensionLoader.createAdaptiveExtensionClass(ExtensionLoader.java:738) ~[dubbo-2.5.4-SNAPSHOT.jar:2.5.4-SNAPSHOT]
	at com.alibaba.dubbo.common.extension.ExtensionLoader.getAdaptiveExtensionClass(ExtensionLoader.java:732) ~[dubbo-2.5.4-SNAPSHOT.jar:2.5.4-SNAPSHOT]
	at com.alibaba.dubbo.common.extension.ExtensionLoader.createAdaptiveExtension(ExtensionLoader.java:721) ~[dubbo-2.5.4-SNAPSHOT.jar:2.5.4-SNAPSHOT]
	... 24 common frames omitted
Caused by: java.lang.NoClassDefFoundError: javassist/ClassPath
	at java.lang.Class.forName0(Native Method) ~[na:1.7.0_55]
	at java.lang.Class.forName(Class.java:270) ~[na:1.7.0_55]
	at com.alibaba.dubbo.common.extension.ExtensionLoader.loadFile(ExtensionLoader.java:627) ~[dubbo-2.5.4-SNAPSHOT.jar:2.5.4-SNAPSHOT]
	... 32 common frames omitted
Caused by: java.lang.ClassNotFoundException: javassist.ClassPath
	at java.net.URLClassLoader$1.run(URLClassLoader.java:366) ~[na:1.7.0_55]
	at java.net.URLClassLoader$1.run(URLClassLoader.java:355) ~[na:1.7.0_55]
	at java.security.AccessController.doPrivileged(Native Method) ~[na:1.7.0_55]
	at java.net.URLClassLoader.findClass(URLClassLoader.java:354) ~[na:1.7.0_55]
	at java.lang.ClassLoader.loadClass(ClassLoader.java:425) ~[na:1.7.0_55]
	at sun.misc.Launcher$AppClassLoader.loadClass(Launcher.java:308) ~[na:1.7.0_55]
	at java.lang.ClassLoader.loadClass(ClassLoader.java:358) ~[na:1.7.0_55]
	... 35 common frames omitted
2017-08-05 21:48:17.217 [DubboShutdownHook] INFO  c.a.dubbo.config.AbstractConfig.info(42) -  [DUBBO] Run shutdown hook now., dubbo version: 2.5.4-SNAPSHOT, current host: 127.0.0.1
2017-08-05 21:48:17.219 [DubboShutdownHook] INFO  c.a.d.r.s.AbstractRegistryFactory.info(42) -  [DUBBO] Close all registries [], dubbo version: 2.5.4-SNAPSHOT, current host: 127.0.0.1
